10:47:08.568 INFO - Launching a standalone Selenium Server
10:47:08.609 INFO - Java: Oracle Corporation 25.121-b13
10:47:08.609 INFO - OS: Mac OS X 10.11.5 x86_64
10:47:08.630 INFO - v2.53.0, with Core v2.53.0. Built from revision 35ae25b
10:47:08.701 INFO - Driver provider org.openqa.selenium.ie.InternetExplorerDriver registration is skipped:
registration capabilities Capabilities [{ensureCleanSession=true, browserName=internet explorer, version=, platform=WINDOWS}] does not match the current platform MAC
10:47:08.701 INFO - Driver provider org.openqa.selenium.edge.EdgeDriver registration is skipped:
registration capabilities Capabilities [{browserName=MicrosoftEdge, version=, platform=WINDOWS}] does not match the current platform MAC
10:47:08.702 INFO - Driver class not found: com.opera.core.systems.OperaDriver
10:47:08.702 INFO - Driver provider com.opera.core.systems.OperaDriver is not registered
10:47:08.704 INFO - Driver class not found: org.openqa.selenium.htmlunit.HtmlUnitDriver
10:47:08.705 INFO - Driver provider org.openqa.selenium.htmlunit.HtmlUnitDriver is not registered
10:47:08.793 INFO - RemoteWebDriver instances should connect to: http://127.0.0.1:4444/wd/hub
10:47:08.793 INFO - Selenium Server is up and running
10:47:09.135 INFO - Executing: [new session: Capabilities [{acceptSslCerts=true, name=Scratchpad / Overstock, browserName=chrome, javascriptEnabled=true, chromeOptions={args=[disable-web-security, ignore-certificate-errors, --test-type]}, platform=ANY}]])
10:47:09.148 INFO - Creating a new session for Capabilities [{acceptSslCerts=true, name=Scratchpad / Overstock, browserName=chrome, javascriptEnabled=true, chromeOptions={args=[disable-web-security, ignore-certificate-errors, --test-type]}, platform=ANY}]
Starting ChromeDriver 2.24.417412 (ac882d3ce7c0d99292439bf3405780058fcca0a6) on port 11639
Only local connections are allowed.
10:47:11.351 INFO - Done: [new session: Capabilities [{acceptSslCerts=true, name=Scratchpad / Overstock, browserName=chrome, javascriptEnabled=true, chromeOptions={args=[disable-web-security, ignore-certificate-errors, --test-type]}, platform=ANY}]]
10:47:11.370 INFO - Executing: [get: https://www.overstock.com/])
10:47:18.165 INFO - Done: [get: https://www.overstock.com/]
10:47:18.174 INFO - Executing: [find element: By.cssSelector: #cb_lightbox > div.cb_top > div > svg])
10:47:18.221 INFO - Done: [find element: By.cssSelector: #cb_lightbox > div.cb_top > div > svg]
10:47:18.228 INFO - Executing: [click: 0 [[ChromeDriver: chrome on MAC (647cbb052ae193df257337b470dbe1bd)] -> css selector: #cb_lightbox > div.cb_top > div > svg]])
10:47:18.292 INFO - Done: [click: 0 [[ChromeDriver: chrome on MAC (647cbb052ae193df257337b470dbe1bd)] -> css selector: #cb_lightbox > div.cb_top > div > svg]]
10:47:18.310 INFO - Executing: [find element: By.cssSelector: #Overstock™_logo_RGB])
10:47:18.393 INFO - Done: [find element: By.cssSelector: #Overstock™_logo_RGB]
10:47:18.409 INFO - Executing: [click: 1 [[ChromeDriver: chrome on MAC (647cbb052ae193df257337b470dbe1bd)] -> css selector: #Overstock™_logo_RGB]])
10:47:21.007 WARN - Exception thrown
org.openqa.selenium.WebDriverException: unknown error: Element is not clickable at point (25, 62). Other element would receive the click: <div id="cboxOverlay" style="opacity: 0.02176; cursor: pointer; visibility: visible;"></div>
  (Session info: chrome=60.0.3112.113)
  (Driver info: chromedriver=2.24.417412 (ac882d3ce7c0d99292439bf3405780058fcca0a6),platform=Mac OS X 10.11.5 x86_64) (WARNING: The server did not provide any stacktrace information)
Command duration or timeout: 200 milliseconds
Build info: version: '2.53.0', revision: '35ae25b', time: '2016-03-15 17:00:58'
System info: host: 'Ronaks-MacBook-Pro.local', ip: '151.145.139.115', os.name: 'Mac OS X', os.arch: 'x86_64', os.version: '10.11.5', java.version: '1.8.0_121'
Driver info: org.openqa.selenium.chrome.ChromeDriver
Capabilities [{applicationCacheEnabled=false, rotatable=false, mobileEmulationEnabled=false, networkConnectionEnabled=false, chrome={chromedriverVersion=2.24.417412 (ac882d3ce7c0d99292439bf3405780058fcca0a6), userDataDir=/var/folders/2n/82lds9954v96p02fbgd310gr0000gp/T/.org.chromium.Chromium.CXUhvF}, takesHeapSnapshot=true, pageLoadStrategy=normal, databaseEnabled=false, handlesAlerts=true, hasTouchScreen=false, version=60.0.3112.113, platform=MAC, browserConnectionEnabled=false, nativeEvents=true, acceptSslCerts=true, locationContextEnabled=true, webStorageEnabled=true, browserName=chrome, takesScreenshot=true, javascriptEnabled=true, cssSelectorsEnabled=true}]
Session ID: 647cbb052ae193df257337b470dbe1bd
	at sun.reflect.NativeConstructorAccessorImpl.newInstance0(Native Method)
	at sun.reflect.NativeConstructorAccessorImpl.newInstance(NativeConstructorAccessorImpl.java:62)
	at sun.reflect.DelegatingConstructorAccessorImpl.newInstance(DelegatingConstructorAccessorImpl.java:45)
	at java.lang.reflect.Constructor.newInstance(Constructor.java:423)
	at org.openqa.selenium.remote.ErrorHandler.createThrowable(ErrorHandler.java:206)
	at org.openqa.selenium.remote.ErrorHandler.throwIfResponseFailed(ErrorHandler.java:158)
	at org.openqa.selenium.remote.RemoteWebDriver.execute(RemoteWebDriver.java:678)
	at org.openqa.selenium.remote.RemoteWebElement.execute(RemoteWebElement.java:327)
	at org.openqa.selenium.remote.RemoteWebElement.click(RemoteWebElement.java:85)
	at sun.reflect.NativeMethodAccessorImpl.invoke0(Native Method)
	at sun.reflect.NativeMethodAccessorImpl.invoke(NativeMethodAccessorImpl.java:62)
	at sun.reflect.DelegatingMethodAccessorImpl.invoke(DelegatingMethodAccessorImpl.java:43)
	at java.lang.reflect.Method.invoke(Method.java:498)
	at org.openqa.selenium.support.events.EventFiringWebDriver$EventFiringWebElement$1.invoke(EventFiringWebDriver.java:335)
	at com.sun.proxy.$Proxy2.click(Unknown Source)
	at org.openqa.selenium.support.events.EventFiringWebDriver$EventFiringWebElement.click(EventFiringWebDriver.java:348)
	at sun.reflect.NativeMethodAccessorImpl.invoke0(Native Method)
	at sun.reflect.NativeMethodAccessorImpl.invoke(NativeMethodAccessorImpl.java:62)
	at sun.reflect.DelegatingMethodAccessorImpl.invoke(DelegatingMethodAccessorImpl.java:43)
	at java.lang.reflect.Method.invoke(Method.java:498)
	at org.openqa.selenium.remote.server.KnownElements$1.invoke(KnownElements.java:64)
	at com.sun.proxy.$Proxy3.click(Unknown Source)
	at org.openqa.selenium.remote.server.handler.ClickElement.call(ClickElement.java:30)
	at org.openqa.selenium.remote.server.handler.ClickElement.call(ClickElement.java:1)
	at java.util.concurrent.FutureTask.run(FutureTask.java:266)
	at org.openqa.selenium.remote.server.DefaultSession$1.run(DefaultSession.java:176)
	at java.util.concurrent.ThreadPoolExecutor.runWorker(ThreadPoolExecutor.java:1142)
	at java.util.concurrent.ThreadPoolExecutor$Worker.run(ThreadPoolExecutor.java:617)
	at java.lang.Thread.run(Thread.java:745)
10:47:21.014 WARN - Exception: unknown error: Element is not clickable at point (25, 62). Other element would receive the click: <div id="cboxOverlay" style="opacity: 0.02176; cursor: pointer; visibility: visible;"></div>
  (Session info: chrome=60.0.3112.113)
  (Driver info: chromedriver=2.24.417412 (ac882d3ce7c0d99292439bf3405780058fcca0a6),platform=Mac OS X 10.11.5 x86_64) (WARNING: The server did not provide any stacktrace information)
Command duration or timeout: 200 milliseconds
Build info: version: '2.53.0', revision: '35ae25b', time: '2016-03-15 17:00:58'
System info: host: 'Ronaks-MacBook-Pro.local', ip: '151.145.139.115', os.name: 'Mac OS X', os.arch: 'x86_64', os.version: '10.11.5', java.version: '1.8.0_121'
Driver info: org.openqa.selenium.chrome.ChromeDriver
Capabilities [{applicationCacheEnabled=false, rotatable=false, mobileEmulationEnabled=false, networkConnectionEnabled=false, chrome={chromedriverVersion=2.24.417412 (ac882d3ce7c0d99292439bf3405780058fcca0a6), userDataDir=/var/folders/2n/82lds9954v96p02fbgd310gr0000gp/T/.org.chromium.Chromium.CXUhvF}, takesHeapSnapshot=true, pageLoadStrategy=normal, databaseEnabled=false, handlesAlerts=true, hasTouchScreen=false, version=60.0.3112.113, platform=MAC, browserConnectionEnabled=false, nativeEvents=true, acceptSslCerts=true, locationContextEnabled=true, webStorageEnabled=true, browserName=chrome, takesScreenshot=true, javascriptEnabled=true, cssSelectorsEnabled=true}]
Session ID: 647cbb052ae193df257337b470dbe1bd
10:47:21.718 INFO - Executing: [find element: By.cssSelector: #search-input])
10:47:21.734 INFO - Done: [find element: By.cssSelector: #search-input]
10:47:21.747 INFO - Executing: [send keys: 2 [[ChromeDriver: chrome on MAC (647cbb052ae193df257337b470dbe1bd)] -> css selector: #search-input], [C, h, r, i, s, t, m, a, s,  , T, r, e, e]])
10:47:21.914 INFO - Done: [send keys: 2 [[ChromeDriver: chrome on MAC (647cbb052ae193df257337b470dbe1bd)] -> css selector: #search-input], [C, h, r, i, s, t, m, a, s,  , T, r, e, e]]
10:47:21.920 INFO - Executing: [find element: By.cssSelector: #search-form > fieldset.submit > label > i])
10:47:21.940 INFO - Done: [find element: By.cssSelector: #search-form > fieldset.submit > label > i]
10:47:21.945 INFO - Executing: [click: 3 [[ChromeDriver: chrome on MAC (647cbb052ae193df257337b470dbe1bd)] -> css selector: #search-form > fieldset.submit > label > i]])
10:47:28.476 INFO - Done: [click: 3 [[ChromeDriver: chrome on MAC (647cbb052ae193df257337b470dbe1bd)] -> css selector: #search-form > fieldset.submit > label > i]]
10:47:28.510 INFO - Executing: [delete session: 0473c4db-d179-4074-8ee5-6042ee450cf8])
10:47:28.661 INFO - Done: [delete session: 0473c4db-d179-4074-8ee5-6042ee450cf8]
